<?xml version="1.0" encoding="UTF-8"?>
<!-- Generated by org.testng.reporters.JUnitXMLReporter -->
<testsuite ignored="14" hostname="DESKTOP-D3TC1Q6" failures="0" tests="1" name="Default test" time="14.33" errors="0" timestamp="2025-03-06T21:28:35 IST">
  <testcase classname="testNgPrograms.AssertionEg" name="verifyToSelect_RedGreen_FromSecondSelectColorDropdown" time="1.781"/>
  <testcase classname="testNgPrograms.AssertionEg" name="verifyTheRadioButton_Female_IsSelectedOrNotWhileClickingOnIt" time="0.0">
    <ignored/>
  </testcase> <!-- verifyTheRadioButton_Female_IsSelectedOrNotWhileClickingOnIt -->
  <testcase classname="testNgPrograms.AssertionEg" name="verifyAllRadioButtonsAreSelectedOrNotByDefault" time="0.0">
    <ignored/>
  </testcase> <!-- verifyAllRadioButtonsAreSelectedOrNotByDefault -->
  <testcase classname="testNgPrograms.AssertionEg" name="verifyThatTheMessageTextBoxIsEmptyOnInputFormPage_ByDefault" time="0.0">
    <ignored/>
  </testcase> <!-- verifyThatTheMessageTextBoxIsEmptyOnInputFormPage_ByDefault -->
  <testcase classname="testNgPrograms.AssertionEg" name="verifyTheLogoIsDisplayedOrNotInHomepage" time="0.0">
    <ignored/>
  </testcase> <!-- verifyTheLogoIsDisplayedOrNotInHomepage -->
  <testcase classname="testNgPrograms.AssertionEg" name="verifyTheSecondSelectColorDropdownIs_MultiSelect_Or_Not" time="0.0">
    <ignored/>
  </testcase> <!-- verifyTheSecondSelectColorDropdownIs_MultiSelect_Or_Not -->
  <testcase classname="testNgPrograms.AssertionEg" name="verifyThatTheMessageTextBoxIsEmptyAfterEnteringTheMessage" time="0.0">
    <ignored/>
  </testcase> <!-- verifyThatTheMessageTextBoxIsEmptyAfterEnteringTheMessage -->
  <testcase classname="testNgPrograms.AssertionEg" name="verifyTheCountOfTabsPresentOnTheHomePage" time="0.0">
    <ignored/>
  </testcase> <!-- verifyTheCountOfTabsPresentOnTheHomePage -->
  <testcase classname="testNgPrograms.AssertionEg" name="verifyTheCountOfRadioButtonsIn_RadioButtonsDemo_page" time="0.0">
    <ignored/>
  </testcase> <!-- verifyTheCountOfRadioButtonsIn_RadioButtonsDemo_page -->
  <testcase classname="testNgPrograms.AssertionEg" name="verifyAllCheckboxesAreUncheckedByDefault" time="0.0">
    <ignored/>
  </testcase> <!-- verifyAllCheckboxesAreUncheckedByDefault -->
  <testcase classname="testNgPrograms.AssertionEg" name="verifyAllTabsArePresentOnTheHomePage" time="0.0">
    <ignored/>
  </testcase> <!-- verifyAllTabsArePresentOnTheHomePage -->
  <testcase classname="testNgPrograms.AssertionEg" name="verifyToSelectOptionRedFromThe_SelectColor_DropdownInSelectInputPage" time="0.0">
    <ignored/>
  </testcase> <!-- verifyToSelectOptionRedFromThe_SelectColor_DropdownInSelectInputPage -->
  <testcase classname="testNgPrograms.AssertionEg" name="verifyTheExactPageISOpensWhileHittingTheURL" time="0.0">
    <ignored/>
  </testcase> <!-- verifyTheExactPageISOpensWhileHittingTheURL -->
  <testcase classname="testNgPrograms.AssertionEg" name="verifyTheCountOfCheckboxesInCheckboxDemoPage" time="0.0">
    <ignored/>
  </testcase> <!-- verifyTheCountOfCheckboxesInCheckboxDemoPage -->
  <testcase classname="testNgPrograms.AssertionEg" name="verifyTheCheckbox_CheckBoxOne_IsCheckedOrNotAfterClickingOnIt" time="0.0">
    <ignored/>
  </testcase> <!-- verifyTheCheckbox_CheckBoxOne_IsCheckedOrNotAfterClickingOnIt -->
</testsuite> <!-- Default test -->
