<?xml version="1.0" encoding="UTF-8"?>
<testng-results ignored="0" total="1" passed="1" failed="0" skipped="0">
  <reporter-output>
  </reporter-output>
  <suite started-at="2025-03-06T21:28:21 IST" name="Default suite" finished-at="2025-03-06T21:28:35 IST" duration-ms="14330">
    <groups>
    </groups>
    <test started-at="2025-03-06T21:28:21 IST" name="Default test" finished-at="2025-03-06T21:28:35 IST" duration-ms="14330">
      <class name="testNgPrograms.AssertionEg">
        <test-method is-config="true" signature="beforeMethod()[pri:0, instance:testNgPrograms.AssertionEg@799f10e1]" started-at="2025-03-06T21:28:21 IST" name="beforeMethod" finished-at="2025-03-06T21:28:30 IST" duration-ms="8981" status="PASS">
          <reporter-output>
          </reporter-output>
        </test-method> <!-- beforeMethod -->
        <test-method signature="verifyToSelect_RedGreen_FromSecondSelectColorDropdown()[pri:15, instance:testNgPrograms.AssertionEg@799f10e1]" started-at="2025-03-06T21:28:30 IST" name="verifyToSelect_RedGreen_FromSecondSelectColorDropdown" finished-at="2025-03-06T21:28:32 IST" duration-ms="1781" status="PASS">
          <reporter-output>
          </reporter-output>
        </test-method> <!-- verifyToSelect_RedGreen_FromSecondSelectColorDropdown -->
        <test-method is-config="true" signature="afterMethod()[pri:0, instance:testNgPrograms.AssertionEg@799f10e1]" started-at="2025-03-06T21:28:32 IST" name="afterMethod" finished-at="2025-03-06T21:28:35 IST" duration-ms="3482" status="PASS">
          <reporter-output>
          </reporter-output>
        </test-method> <!-- afterMethod -->
      </class> <!-- testNgPrograms.AssertionEg -->
    </test> <!-- Default test -->
  </suite> <!-- Default suite -->
</testng-results>
